#
# There is insufficient memory for the Java Runtime Environment to continue.
# Native memory allocation (mmap) failed to map 266338304 bytes for Failed to commit area from 0x0000000702200000 to 0x0000000712000000 of length 266338304.
# Possible reasons:
#   The system is out of physical RAM or swap space
#   The process is running with CompressedOops enabled, and the Java Heap may be blocking the growth of the native heap
# Possible solutions:
#   Reduce memory load on the system
#   Increase physical memory or swap space
#   Check if swap backing store is full
#   Decrease Java heap size (-Xmx/-Xms)
#   Decrease number of Java threads
#   Decrease Java thread stack sizes (-Xss)
#   Set larger code cache with -XX:ReservedCodeCacheSize=
# This output file may be truncated or incomplete.
#
#  Out of Memory Error (./src/hotspot/os/windows/os_windows.cpp:3301), pid=11832, tid=9092
#
# JRE version:  (11.0.11+9) (build )
# Java VM: OpenJDK 64-Bit Server VM (11.0.11+9-b1341.60, mixed mode, sharing, tiered, compressed oops, g1 gc, windows-amd64)
# No core dump will be written. Minidumps are not enabled by default on client versions of Windows
#

---------------  S U M M A R Y ------------

Command Line: org.jetbrains.git4idea.http.GitAskPassApp Username for 'https://gitee.com': 

Host: Intel(R) Core(TM) i5-8300H CPU @ 2.30GHz, 8 cores, 15G,  Windows 10 , 64 bit Build 19041 (10.0.19041.2546)
Time: Sun Apr  9 16:13:56 2023 中国标准时间 elapsed time: 0.049151 seconds (0d 0h 0m 0s)

---------------  T H R E A D  ---------------

Current thread (0x000002066ab33800):  JavaThread "Unknown thread" [_thread_in_vm, id=9092, stack(0x0000008809600000,0x0000008809700000)]

Stack: [0x0000008809600000,0x0000008809700000]
Native frames: (J=compiled Java code, j=interpreted, Vv=VM code, C=native code)
V  [jvm.dll+0x5f5c8a]
V  [jvm.dll+0x779405]
V  [jvm.dll+0x77aa1d]
V  [jvm.dll+0x77b0d3]
V  [jvm.dll+0x244bc8]
V  [jvm.dll+0x5f3084]
V  [jvm.dll+0x5e7fe5]
V  [jvm.dll+0x30098b]
V  [jvm.dll+0x3008fa]
V  [jvm.dll+0x3007d2]
V  [jvm.dll+0x3056b6]
V  [jvm.dll+0x34e353]
V  [jvm.dll+0x34ea56]
V  [jvm.dll+0x34e453]
V  [jvm.dll+0x2db398]
V  [jvm.dll+0x2dc547]
V  [jvm.dll+0x757bf7]
V  [jvm.dll+0x7593ec]
V  [jvm.dll+0x35b8d9]
V  [jvm.dll+0x73b38e]
V  [jvm.dll+0x3c3cc3]
V  [jvm.dll+0x3c60e1]
C  [jli.dll+0x5373]
C  [ucrtbase.dll+0x21bb2]
C  [KERNEL32.DLL+0x17614]
C  [ntdll.dll+0x526a1]


---------------  P R O C E S S  ---------------

Threads class SMR info:
_java_thread_list=0x0000020668945690, length=0, elements={
}

Java Threads: ( => current thread )

Other Threads:
  0x000002066ab47800 GCTaskThread "GC Thread#0" [stack: 0x0000008809700000,0x0000008809800000] [id=16712]
  0x000002066aba5800 ConcurrentGCThread "G1 Main Marker" [stack: 0x0000008809800000,0x0000008809900000] [id=2660]
  0x000002066aba9000 ConcurrentGCThread "G1 Conc#0" [stack: 0x0000008809900000,0x0000008809a00000] [id=12860]

[error occurred during error reporting (printing all threads), id 0xc0000005, EXCEPTION_ACCESS_VIOLATION (0xc0000005) at pc=0x00007ff8a166b9f7]

VM state:not at safepoint (not fully initialized)

VM Mutex/Monitor currently owned by a thread:  ([mutex/lock_event])
[0x000002066ab30770] Heap_lock - owner thread: 0x000002066ab33800

Heap address: 0x0000000702200000, size: 4062 MB, Compressed Oops mode: Non-zero based: 0x0000000702200000
Narrow klass base: 0x0000000000000000, Narrow klass shift: 0

GC Heap History (0 events):
No events

Deoptimization events (0 events):
No events

Classes redefined (0 events):
No events

Internal exceptions (0 events):
No events

Events (1 events):
Event: 0.005 Loaded shared library F:\Idea2022\IntelliJ IDEA 2021.1.3\jbr\bin\zip.dll


Dynamic libraries:
0x00007ff6f4d10000 - 0x00007ff6f4d1a000 	F:\Idea2022\IntelliJ IDEA 2021.1.3\jbr\bin\java.exe
0x00007ff92c7f0000 - 0x00007ff92c9e8000 	C:\WINDOWS\SYSTEM32\ntdll.dll
0x00007ff92bba0000 - 0x00007ff92bc5f000 	C:\WINDOWS\System32\KERNEL32.DLL
0x00007ff92a3f0000 - 0x00007ff92a6c2000 	C:\WINDOWS\System32\KERNELBASE.dll
0x00007ff92a280000 - 0x00007ff92a380000 	C:\WINDOWS\System32\ucrtbase.dll
0x00007ff8f7130000 - 0x00007ff8f7149000 	F:\Idea2022\IntelliJ IDEA 2021.1.3\jbr\bin\jli.dll
0x00007ff9011f0000 - 0x00007ff901207000 	F:\Idea2022\IntelliJ IDEA 2021.1.3\jbr\bin\VCRUNTIME140.dll
0x00007ff92b580000 - 0x00007ff92b721000 	C:\WINDOWS\System32\USER32.dll
0x00007ff917ed0000 - 0x00007ff91816a000 	C:\WINDOWS\WinSxS\amd64_microsoft.windows.common-controls_6595b64144ccf1df_6.0.19041.1110_none_60b5254171f9507e\COMCTL32.dll
0x00007ff92a250000 - 0x00007ff92a272000 	C:\WINDOWS\System32\win32u.dll
0x00007ff92a970000 - 0x00007ff92aa0e000 	C:\WINDOWS\System32\msvcrt.dll
0x00007ff92be20000 - 0x00007ff92be4b000 	C:\WINDOWS\System32\GDI32.dll
0x00007ff929f40000 - 0x00007ff92a04f000 	C:\WINDOWS\System32\gdi32full.dll
0x00007ff92a1b0000 - 0x00007ff92a24d000 	C:\WINDOWS\System32\msvcp_win.dll
0x00007ff92b1f0000 - 0x00007ff92b220000 	C:\WINDOWS\System32\IMM32.DLL
0x00007ff8fcc60000 - 0x00007ff8fccfd000 	F:\Idea2022\IntelliJ IDEA 2021.1.3\jbr\bin\msvcp140.dll
0x00007ff8a1380000 - 0x00007ff8a1ec9000 	F:\Idea2022\IntelliJ IDEA 2021.1.3\jbr\bin\server\jvm.dll
0x00007ff92ba10000 - 0x00007ff92babe000 	C:\WINDOWS\System32\ADVAPI32.dll
0x00007ff92b150000 - 0x00007ff92b1ec000 	C:\WINDOWS\System32\sechost.dll
0x00007ff92a840000 - 0x00007ff92a964000 	C:\WINDOWS\System32\RPCRT4.dll
0x00007ff92b140000 - 0x00007ff92b148000 	C:\WINDOWS\System32\PSAPI.DLL
0x00007ff90d5c0000 - 0x00007ff90d5c9000 	C:\WINDOWS\SYSTEM32\WSOCK32.dll
0x00007ff911fd0000 - 0x00007ff911ff7000 	C:\WINDOWS\SYSTEM32\WINMM.dll
0x00007ff917590000 - 0x00007ff91759a000 	C:\WINDOWS\SYSTEM32\VERSION.dll
0x00007ff92b870000 - 0x00007ff92b8db000 	C:\WINDOWS\System32\WS2_32.dll
0x00007ff928740000 - 0x00007ff928752000 	C:\WINDOWS\SYSTEM32\kernel.appcore.dll
0x00007ff9011d0000 - 0x00007ff9011e1000 	F:\Idea2022\IntelliJ IDEA 2021.1.3\jbr\bin\verify.dll
0x00007ff928470000 - 0x00007ff928654000 	C:\WINDOWS\SYSTEM32\DBGHELP.DLL
0x00007ff917550000 - 0x00007ff917585000 	C:\WINDOWS\SYSTEM32\dbgcore.DLL
0x00007ff92a700000 - 0x00007ff92a782000 	C:\WINDOWS\System32\bcryptPrimitives.dll
0x00007ff8edf00000 - 0x00007ff8edf29000 	F:\Idea2022\IntelliJ IDEA 2021.1.3\jbr\bin\java.dll
0x00007ff9110a0000 - 0x00007ff9110ab000 	F:\Idea2022\IntelliJ IDEA 2021.1.3\jbr\bin\jimage.dll
0x00007ff8f5ac0000 - 0x00007ff8f5ad8000 	F:\Idea2022\IntelliJ IDEA 2021.1.3\jbr\bin\zip.dll

dbghelp: loaded successfully - version: 4.0.5 - missing functions: none
symbol engine: initialized successfully - sym options: 0x614 - pdb path: .;F:\Idea2022\IntelliJ IDEA 2021.1.3\jbr\bin;C:\WINDOWS\SYSTEM32;C:\WINDOWS\WinSxS\amd64_microsoft.windows.common-controls_6595b64144ccf1df_6.0.19041.1110_none_60b5254171f9507e;F:\Idea2022\IntelliJ IDEA 2021.1.3\jbr\bin\server

VM Arguments:
java_command: org.jetbrains.git4idea.http.GitAskPassApp Username for 'https://gitee.com': 
java_class_path (initial): F:/Idea2022/IntelliJ IDEA 2021.1.3/plugins/git4idea/lib/git4idea-rt.jar;F:/Idea2022/IntelliJ IDEA 2021.1.3/lib/xmlrpc-2.0.1.jar;F:/Idea2022/IntelliJ IDEA 2021.1.3/lib/commons-codec-1.15.jar
Launcher Type: SUN_STANDARD

[Global flags]
     intx CICompilerCount                          = 4                                         {product} {ergonomic}
     uint ConcGCThreads                            = 2                                         {product} {ergonomic}
     uint G1ConcRefinementThreads                  = 8                                         {product} {ergonomic}
   size_t G1HeapRegionSize                         = 1048576                                   {product} {ergonomic}
    uintx GCDrainStackTargetSize                   = 64                                        {product} {ergonomic}
   size_t InitialHeapSize                          = 266338304                                 {product} {ergonomic}
   size_t MarkStackSize                            = 4194304                                   {product} {ergonomic}
   size_t MaxHeapSize                              = 4259315712                                {product} {ergonomic}
   size_t MinHeapDeltaBytes                        = 1048576                                   {product} {ergonomic}
    uintx NonNMethodCodeHeapSize                   = 5836300                                {pd product} {ergonomic}
    uintx NonProfiledCodeHeapSize                  = 122910970                              {pd product} {ergonomic}
    uintx ProfiledCodeHeapSize                     = 122910970                              {pd product} {ergonomic}
    uintx ReservedCodeCacheSize                    = 251658240                              {pd product} {ergonomic}
     bool SegmentedCodeCache                       = true                                      {product} {ergonomic}
     bool UseCompressedClassPointers               = true                                 {lp64_product} {ergonomic}
     bool UseCompressedOops                        = true                                 {lp64_product} {ergonomic}
     bool UseG1GC                                  = true                                      {product} {ergonomic}
     bool UseLargePagesIndividualAllocation        = false                                  {pd product} {ergonomic}

Logging:
Log output configuration:
 #0: stdout all=warning uptime,level,tags
 #1: stderr all=off uptime,level,tags

Environment Variables:
JAVA_HOME=F:\JDK17
PATH=C:/Program Files/Git/mingw64/libexec/git-core;C:/Program Files/Git/mingw64/libexec/git-core;C:\Program Files\Git\mingw64\bin;C:\Program Files\Git\usr\bin;C:\Users\97540\bin;F:\PythonForCDNU\Scripts\;F:\PythonForCDNU\;F:\JDK17\bin;C:\Program Files (x86)\Intel\Intel(R) Management Engine Components\iCLS\;C:\Program Files\Intel\Intel(R) Management Engine Components\iCLS\;C:\Windows\system32;C:\Windows;C:\Windows\System32\Wbem;C:\Windows\System32\WindowsPowerShell\v1.0\;C:\Windows\System32\OpenSSH\;C:\Program Files (x86)\NVIDIA Corporation\PhysX\Common;C:\Program Files (x86)\Intel\Intel(R) Management Engine Components\DAL;C:\Program Files\Intel\Intel(R) Management Engine Components\DAL;C:\Program Files (x86)\Intel\Intel(R) Management Engine Components\IPT;C:\Program Files\Intel\Intel(R) Management Engine Components\IPT;C:\Program Files\Intel\WiFi\bin\;C:\Program Files\Common Files\Intel\WirelessCommon\;C:\WINDOWS\system32;C:\WINDOWS;C:\WINDOWS\System32\Wbem;C:\WINDOWS\System32\WindowsPowerShell\v1.0\;C:\WINDOWS\System32\OpenSSH\;F:\qq安装的垃圾文件\bin;%MYSQL;HOME%\bin;F:\Idea2022\apache-tomcat-10.0.23\bin;D:\mingw\mingw64\bin;C:\Program Files\Git\cmd;F:\mysqlForCdnu\mysql-8.0.30-winx64\bin;E:\node\;E:\redis\;E:\MessageQueueTools\RabbitMQ\erl-24.2\bin;E:\MessageQueueTools\RocketMQ\rocketmq-4.9.2\bin;F:\Anaconda;F:\Anaconda\Library\mingw-w64\bin;F:\Anaconda\Library\usr\bin;F:\Anaconda\Library\bin;F:\Anaconda\Scripts;C:\Users\97540\AppData\Local\Microsoft\WindowsApps;E:\node\node_global;E:\IDE\微信web开发者工具\dll;E:\vscode\Microsoft VS Code\bin
USERNAME=97540
DISPLAY=:0.0
LC_ALL=en_US.UTF-8
OS=Windows_NT
PROCESSOR_IDENTIFIER=Intel64 Family 6 Model 158 Stepping 10, GenuineIntel



---------------  S Y S T E M  ---------------

OS: Windows 10 , 64 bit Build 19041 (10.0.19041.2546)
OS uptime: 1 days 4:46 hours

CPU:total 8 (initial active 8) (4 cores per cpu, 2 threads per core) family 6 model 158 stepping 10 microcode 0xf0, cmov, cx8, fxsr, mmx, sse, sse2, sse3, ssse3, sse4.1, sse4.2, popcnt, avx, avx2, aes, clmul, erms, 3dnowpref, lzcnt, ht, tsc, tscinvbit, bmi1, bmi2, adx, fma

Memory: 4k page, system-wide physical 16243M (3530M free)
TotalPageFile size 29479M (AvailPageFile size 82M)
current process WorkingSet (physical memory assigned to process): 10M, peak: 10M
current process commit charge ("private bytes"): 60M, peak: 314M

vm_info: OpenJDK 64-Bit Server VM (11.0.11+9-b1341.60) for windows-amd64 JRE (11.0.11+9-b1341.60), built on Jun  4 2021 08:17:54 by "" with MS VC++ 14.0 (VS2015)

END.
